<?xml version="1.0" encoding="UTF-8"?>
<!-- Generated by org.testng.reporters.JUnitReportReporter -->
<testsuite hostname="Alphi-MohamedRazul" failures="0" tests="1" name="base.BaseClass" time="21.082" errors="1" timestamp="2024-04-29T12:07:54 IST" skipped="0">
  <testcase classname="base.BaseClass" name="launchBrowser" time="21.082">
    <error message="Error {
  message=&#039;net::ERR_CONNECTION_TIMED_OUT at http://10.10.1.202:1100/
  name=&#039;Error
  stack=&#039;Error: net::ERR_CONNECTION_TIMED_OUT at http://10.10.1.202:1100/
    at FrameSession._navigate (C:\Users\admin\AppData\Local\Temp\playwright-java-9456600042806811486\package\lib\server\chromium\crPage.js:515:35)
    at async Frame._gotoAction (C:\Users\admin\AppData\Local\Temp\playwright-java-9456600042806811486\package\lib\server\frames.js:534:28)
}
Call log:
- navigating to &quot;http://10.10.1.202:1100/&quot;, waiting until &quot;load&quot;
" type="com.microsoft.playwright.PlaywrightException">
      <![CDATA[com.microsoft.playwright.PlaywrightException: Error {
  message='net::ERR_CONNECTION_TIMED_OUT at http://10.10.1.202:1100/
  name='Error
  stack='Error: net::ERR_CONNECTION_TIMED_OUT at http://10.10.1.202:1100/
    at FrameSession._navigate (C:\Users\admin\AppData\Local\Temp\playwright-java-9456600042806811486\package\lib\server\chromium\crPage.js:515:35)
    at async Frame._gotoAction (C:\Users\admin\AppData\Local\Temp\playwright-java-9456600042806811486\package\lib\server\frames.js:534:28)
}
Call log:
- navigating to "http://10.10.1.202:1100/", waiting until "load"

at com.microsoft.playwright.impl.WaitableResult.get(WaitableResult.java:56)
at com.microsoft.playwright.impl.ChannelOwner.runUntil(ChannelOwner.java:120)
at com.microsoft.playwright.impl.Connection.sendMessage(Connection.java:130)
at com.microsoft.playwright.impl.ChannelOwner.sendMessage(ChannelOwner.java:106)
at com.microsoft.playwright.impl.FrameImpl.navigateImpl(FrameImpl.java:463)
at com.microsoft.playwright.impl.PageImpl.lambda$navigate$46(PageImpl.java:870)
at com.microsoft.playwright.impl.LoggingSupport.withLogging(LoggingSupport.java:47)
at com.microsoft.playwright.impl.ChannelOwner.withLogging(ChannelOwner.java:89)
at com.microsoft.playwright.impl.PageImpl.navigate(PageImpl.java:870)
at com.microsoft.playwright.impl.PageImpl.navigate(PageImpl.java:42)
at com.microsoft.playwright.Page.navigate(Page.java:5490)
at base.BaseClass.launchBrowser(BaseClass.java:64)
at java.base/jdk.internal.reflect.NativeMethodAccessorImpl.invoke0(Native Method)
at java.base/jdk.internal.reflect.NativeMethodAccessorImpl.invoke(NativeMethodAccessorImpl.java:77)
at java.base/jdk.internal.reflect.DelegatingMethodAccessorImpl.invoke(DelegatingMethodAccessorImpl.java:43)
at java.base/java.lang.reflect.Method.invoke(Method.java:568)
at org.testng.internal.MethodInvocationHelper.invokeMethod(MethodInvocationHelper.java:133)
at org.testng.internal.TestInvoker.invokeMethod(TestInvoker.java:598)
at org.testng.internal.TestInvoker.invokeTestMethod(TestInvoker.java:173)
at org.testng.internal.MethodRunner.runInSequence(MethodRunner.java:46)
at org.testng.internal.TestInvoker$MethodInvocationAgent.invoke(TestInvoker.java:824)
at org.testng.internal.TestInvoker.invokeTestMethods(TestInvoker.java:146)
at org.testng.internal.TestMethodWorker.invokeTestMethods(TestMethodWorker.java:146)
at org.testng.internal.TestMethodWorker.run(TestMethodWorker.java:128)
at java.base/java.util.ArrayList.forEach(ArrayList.java:1511)
at org.testng.TestRunner.privateRun(TestRunner.java:794)
at org.testng.TestRunner.run(TestRunner.java:596)
at org.testng.SuiteRunner.runTest(SuiteRunner.java:377)
at org.testng.SuiteRunner.runSequentially(SuiteRunner.java:371)
at org.testng.SuiteRunner.privateRun(SuiteRunner.java:332)
at org.testng.SuiteRunner.run(SuiteRunner.java:276)
at org.testng.SuiteRunnerWorker.runSuite(SuiteRunnerWorker.java:53)
at org.testng.SuiteRunnerWorker.run(SuiteRunnerWorker.java:96)
at org.testng.TestNG.runSuitesSequentially(TestNG.java:1212)
at org.testng.TestNG.runSuitesLocally(TestNG.java:1134)
at org.testng.TestNG.runSuites(TestNG.java:1063)
at org.testng.TestNG.run(TestNG.java:1031)
at org.testng.remote.AbstractRemoteTestNG.run(AbstractRemoteTestNG.java:115)
at org.testng.remote.RemoteTestNG.initAndRun(RemoteTestNG.java:293)
at org.testng.remote.RemoteTestNG.main(RemoteTestNG.java:91)
Caused by: com.microsoft.playwright.impl.DriverException: Error {
  message='net::ERR_CONNECTION_TIMED_OUT at http://10.10.1.202:1100/
  name='Error
  stack='Error: net::ERR_CONNECTION_TIMED_OUT at http://10.10.1.202:1100/
    at FrameSession._navigate (C:\Users\admin\AppData\Local\Temp\playwright-java-9456600042806811486\package\lib\server\chromium\crPage.js:515:35)
    at async Frame._gotoAction (C:\Users\admin\AppData\Local\Temp\playwright-java-9456600042806811486\package\lib\server\frames.js:534:28)
}
Call log:
- navigating to "http://10.10.1.202:1100/", waiting until "load"

at com.microsoft.playwright.impl.Connection.dispatch(Connection.java:259)
at com.microsoft.playwright.impl.Connection.processOneMessage(Connection.java:211)
at com.microsoft.playwright.impl.ChannelOwner.runUntil(ChannelOwner.java:118)
... 38 more
]]>
    </error>
  </testcase> <!-- launchBrowser -->
  <system-out/>
</testsuite> <!-- base.BaseClass -->
