<?xml version="1.0" encoding="UTF-8"?>
<!-- Generated by org.testng.reporters.JUnitReportReporter -->
<testsuite hostname="Mugundhan" failures="0" tests="1" name="tests.SampleTest" time="377.372" errors="0" timestamp="2024-05-07T13:28:19 IST" skipped="0">
  <testcase classname="tests.SampleTest" name="sampleLogin" time="377.372"/>
</testsuite> <!-- tests.SampleTest -->
